<?xml version="1.0" encoding="UTF-8"?>
<testsuite xmlns:xsi="http://www.w3.org/2001/XMLSchema-instance" xsi:noNamespaceSchemaLocation="https://maven.apache.org/surefire/maven-surefire-plugin/xsd/surefire-test-report-3.0.xsd" version="3.0" name="iuh.fit.se.eurekaserver.EurekaServerApplicationTests" time="10.695" tests="1" errors="0" skipped="0" failures="0">
  <properties>
[...]
</properties>
  <testcase name="contextLoads" classname="iuh.fit.se.eurekaserver.EurekaServerApplicationTests" time="1.601">
    <system-out><![CDATA[Standard Commons Logging discovery in action with spring-jcl: please remove commons-logging.jar from classpath in order to avoid potential conflicts
15:54:30.712 [main] INFO org.springframework.test.context.support.AnnotationConfigContextLoaderUtils -- Could not detect default configuration classes for test class [iuh.fit.se.eurekaserver.EurekaServerApplicationTests]: EurekaServerApplicationTests does not declare any static, non-private, non-final, nested classes annotated with @Configuration.
15:54:30.928 [main] INFO org.springframework.boot.test.context.SpringBootTestContextBootstrapper -- Found @SpringBootConfiguration iuh.fit.se.eurekaserver.EurekaServerApplication for test class iuh.fit.se.eurekaserver.EurekaServerApplicationTests

  .   ____          _            __ _ _
 /\\ / ___'_ __ _ _(_)_ __  __ _ \ \ \ \
( ( )\___ | '_ | '_| | '_ \/ _` | \ \ \ \
 \\/  ___)| |_)| | | | | || (_| |  ) ) ) )
  '  |____| .__|_| |_|_| |_\__, | / / / /
 =========|_|==============|___/=/_/_/_/

 :: Spring Boot ::               (v3.3.10)

2025-04-20T15:54:31.913+07:00  INFO 18372 --- [eureka-server] [           main] i.f.s.e.EurekaServerApplicationTests     : Starting EurekaServerApplicationTests using Java 21.0.4 with PID 18372 (started by Lan Anh in E:\LAP TRINH JAVA\SoftwareArchitecture\SoftwareArchitecture_Week09\eureka-server)
2025-04-20T15:54:31.918+07:00  INFO 18372 --- [eureka-server] [           main] i.f.s.e.EurekaServerApplicationTests     : No active profile set, falling back to 1 default profile: "default"
2025-04-20T15:54:34.249+07:00  INFO 18372 --- [eureka-server] [           main] o.s.cloud.context.scope.GenericScope     : BeanFactory id=42820cf5-323e-34ac-833c-dede01824476
2025-04-20T15:54:35.567+07:00  INFO 18372 --- [eureka-server] [           main] o.s.v.b.OptionalValidatorFactoryBean     : Failed to set up a Bean Validation provider: jakarta.validation.NoProviderFoundException: Unable to create a Configuration, because no Jakarta Bean Validation provider could be found. Add a provider like Hibernate Validator (RI) to your classpath.
2025-04-20T15:54:37.505+07:00  WARN 18372 --- [eureka-server] [           main] iguration$LoadBalancerCaffeineWarnLogger : Spring Cloud LoadBalancer is currently working with the default cache. While this cache implementation is useful for development and tests, it's recommended to use Caffeine cache in production.You can switch to using Caffeine cache, by adding it and org.springframework.cache.caffeine.CaffeineCacheManager to the classpath.
2025-04-20T15:54:38.002+07:00  INFO 18372 --- [eureka-server] [           main] o.s.c.n.eureka.InstanceInfoFactory       : Setting initial instance status as: STARTING
2025-04-20T15:54:38.063+07:00  INFO 18372 --- [eureka-server] [           main] com.netflix.discovery.DiscoveryClient    : Initializing Eureka in region us-east-1
2025-04-20T15:54:38.066+07:00  INFO 18372 --- [eureka-server] [           main] com.netflix.discovery.DiscoveryClient    : Client configured to neither register nor query for data.
2025-04-20T15:54:38.071+07:00  INFO 18372 --- [eureka-server] [           main] com.netflix.discovery.DiscoveryClient    : Discovery Client initialized at timestamp 1745139278069 with initial instances count: 0
2025-04-20T15:54:38.234+07:00  INFO 18372 --- [eureka-server] [           main] c.n.eureka.DefaultEurekaServerContext    : Initializing ...
2025-04-20T15:54:38.238+07:00  INFO 18372 --- [eureka-server] [           main] c.n.eureka.cluster.PeerEurekaNodes       : Adding new peer nodes [http://localhost:8761/eureka/]
2025-04-20T15:54:38.644+07:00  INFO 18372 --- [eureka-server] [           main] c.n.d.provider.DiscoveryJerseyProvider   : Using JSON encoding codec LegacyJacksonJson
2025-04-20T15:54:38.644+07:00  INFO 18372 --- [eureka-server] [           main] c.n.d.provider.DiscoveryJerseyProvider   : Using JSON decoding codec LegacyJacksonJson
2025-04-20T15:54:38.645+07:00  INFO 18372 --- [eureka-server] [           main] c.n.d.provider.DiscoveryJerseyProvider   : Using XML encoding codec XStreamXml
2025-04-20T15:54:38.645+07:00  INFO 18372 --- [eureka-server] [           main] c.n.d.provider.DiscoveryJerseyProvider   : Using XML decoding codec XStreamXml
2025-04-20T15:54:38.822+07:00  INFO 18372 --- [eureka-server] [           main] c.n.eureka.cluster.PeerEurekaNodes       : Replica node URL:  http://localhost:8761/eureka/
2025-04-20T15:54:38.837+07:00  INFO 18372 --- [eureka-server] [           main] c.n.e.registry.AbstractInstanceRegistry  : Finished initializing remote region registries. All known remote regions: []
2025-04-20T15:54:38.837+07:00  INFO 18372 --- [eureka-server] [           main] c.n.eureka.DefaultEurekaServerContext    : Initialized
2025-04-20T15:54:39.061+07:00  INFO 18372 --- [eureka-server] [           main] o.s.b.a.e.web.EndpointLinksResolver      : Exposing 1 endpoint beneath base path '/actuator'
2025-04-20T15:54:39.150+07:00  INFO 18372 --- [eureka-server] [           main] o.s.c.n.e.s.EurekaServiceRegistry        : Registering application EUREKA-SERVER with eureka with status UP
2025-04-20T15:54:39.175+07:00  INFO 18372 --- [eureka-server] [           main] i.f.s.e.EurekaServerApplicationTests     : Started EurekaServerApplicationTests in 7.957 seconds (process running for 9.916)
2025-04-20T15:54:39.180+07:00  INFO 18372 --- [eureka-server] [      Thread-10] o.s.c.n.e.server.EurekaServerBootstrap   : isAws returned false
2025-04-20T15:54:39.181+07:00  INFO 18372 --- [eureka-server] [      Thread-10] o.s.c.n.e.server.EurekaServerBootstrap   : Initialized server context
2025-04-20T15:54:39.181+07:00  INFO 18372 --- [eureka-server] [      Thread-10] c.n.e.r.PeerAwareInstanceRegistryImpl    : Got 1 instances from neighboring DS node
2025-04-20T15:54:39.181+07:00  INFO 18372 --- [eureka-server] [      Thread-10] c.n.e.r.PeerAwareInstanceRegistryImpl    : Renew threshold is: 1
2025-04-20T15:54:39.181+07:00  INFO 18372 --- [eureka-server] [      Thread-10] c.n.e.r.PeerAwareInstanceRegistryImpl    : Changing status to UP
2025-04-20T15:54:39.194+07:00  INFO 18372 --- [eureka-server] [      Thread-10] e.s.EurekaServerInitializerConfiguration : Started Eureka Server
]]></system-out>
    <system-err><![CDATA[WARNING: A Java agent has been loaded dynamically (C:\Users\Lan Anh\.m2\repository\net\bytebuddy\byte-buddy-agent\1.14.19\byte-buddy-agent-1.14.19.jar)
WARNING: If a serviceability tool is in use, please run with -XX:+EnableDynamicAgentLoading to hide this warning
WARNING: If a serviceability tool is not in use, please run with -Djdk.instrument.traceUsage for more information
WARNING: Dynamic loading of agents will be disallowed by default in a future release
]]></system-err>
  </testcase>
</testsuite>